<?xml version="1.0"?>
<testsuites tests="90" failures="34" errors="0"><testsuite id="codereview.cobol.analysisProvider" name="COBOL Code Review" tests="45" failures="17" time="0.001">
         <testcase id="codereview.cobol.rules.ProgramIdRule1" name="Use a program name that matches the source file name" time="0.001">
            <failure message="PROGRAM.cbl:2 Use a program name that matches the source file name" type="WARNING">
WARNING: Use a program name that matches the source file name
Category: COBOL Code Review – Naming Conventions
File: /project/PROGRAM.cbl
Line: 2
      </failure>
    </testcase>
  </testsuite><testsuite id="codereview.cobol.analysisProvider" name="COBOL Code Review" tests="45" failures="17" time="0.001">
         <testcase id="codereview.cobol.rules.ProgramIdRule2" name="Use a program name that matches the source file name" time="0.001">
    </testcase>
  </testsuite></testsuites>